This is pdfTeX, Version 3.1415926-2.5-1.40.14 (TeX Live 2013) (format=pdftex 2013.8.21)  3 SEP 2013 15:45
entering extended mode
 restricted \write18 enabled.
 %&-line parsing enabled.
**scopebox.tex
(./scopebox.tex
! Undefined control sequence.
l.1 \documentclass
                  [10,letterpaper,]{report}
? 
! Undefined control sequence.
l.2 \usepackage
               [T1]{fontenc}
? 
! Undefined control sequence.
l.3 \usepackage
               {lmodern}
? 
! Undefined control sequence.
l.4 \usepackage
               {float}
? 
! Undefined control sequence.
l.5 \usepackage
               {titlesec}
? 
! Undefined control sequence.
l.6 \usepackage
               {amssymb,amsmath}
? 
! Undefined control sequence.
l.7 \usepackage
               {ifxetex,ifluatex}
? 
! Undefined control sequence.
l.8 \usepackage
               [export]{adjustbox}
? 
! Undefined control sequence.
l.9 \usepackage
               {tikz}
? 
! Undefined control sequence.
l.10 \usepackage
                {fixltx2e} % provides \textsubscript
? 

Overfull \hbox (21.52386pt too wide) in paragraph at lines 1--11
[]\tenrm [10,letterpaper,]report [T1]fontenc lmod-ern float ti-tlesec amssymb,a
msmath ifx-e-tex,ifluatex [ex-port]adjustbox|

\hbox(7.5+2.5)x469.75499, glue set - 1.0
.\hbox(0.0+0.0)x20.0
.\tenrm [
.\tenrm 1
.\tenrm 0
.\tenrm ,
.etc.

! Undefined control sequence.
l.15 \IfFileExists
                  {upquote.sty}{\usepackage{upquote}}{}
? 
! Undefined control sequence.
l.15 \IfFileExists{upquote.sty}{\usepackage
                                           {upquote}}{}
? 
! Undefined control sequence.
l.16 \ifnum 0\ifxetex
                      1\fi\ifluatex 1\fi=0 % if pdftex
? 
! Missing = inserted for \ifnum.
<to be read again> 
                   \relax 
<to be read again> 
                   \fi 
l.16 \ifnum 0\ifxetex 1\fi
                          \ifluatex 1\fi=0 % if pdftex
? 
! Missing number, treated as zero.
<to be read again> 
                   \relax 
<to be read again> 
                   \fi 
l.16 \ifnum 0\ifxetex 1\fi
                          \ifluatex 1\fi=0 % if pdftex
? 
! Undefined control sequence.
l.16 \ifnum 0\ifxetex 1\fi\ifluatex
                                    1\fi=0 % if pdftex
? 
! Extra \fi.
l.16 \ifnum 0\ifxetex 1\fi\ifluatex 1\fi
                                        =0 % if pdftex
? 
! Undefined control sequence.
l.17   \usepackage
                  [utf8]{inputenc}
? 
! Extra \else.
l.18 \else
           % if luatex or xelatex
? 
! Undefined control sequence.
l.19   \usepackage
                  {fontspec}
? 
! Undefined control sequence.
l.20   \ifxetex
               
? 
! Undefined control sequence.
l.21     \usepackage
                    {xltxtra,xunicode}
? 
! Extra \fi.
l.22   \fi
          
? 
! Undefined control sequence.
l.23   \defaultfontfeatures
                           {Mapping=tex-text,Scale=MatchLowercase}
? 
! Undefined control sequence.
l.24   \newcommand
                  {\euro}{â‚¬}
? 
! Undefined control sequence.
l.24   \newcommand{\euro
                        }{â‚¬}
? 
Missing character: There is no â in font cmr10!
Missing character: There is no ‚ in font cmr10!
Missing character: There is no ¬ in font cmr10!
! Undefined control sequence.
l.25   \setmainfont
                   {Adobe Caslon Pro}
? 
! Undefined control sequence.
l.26   \setsansfont
                   {Myriad Pro Bold Condensed}
? 
! Extra \fi.
l.27 \fi
        
? 
! Undefined control sequence.
l.29 \IfFileExists
                  {microtype.sty}{\usepackage{microtype}}{}
? 
! Undefined control sequence.
l.29 \IfFileExists{microtype.sty}{\usepackage
                                             {microtype}}{}
? 

Overfull \hbox (19.77383pt too wide) in paragraph at lines 15--30
[]\tenrm upquote.styupquote 1=0 [utf8]inputenc fontspec xltx-tra,xunicode Mappi
ng=tex-text,Scale=MatchLowercase|

\hbox(7.5+2.5)x469.75499, glue set - 1.0
.\hbox(0.0+0.0)x20.0
.\tenrm u
.\tenrm p
.\kern0.27779
.\tenrm q
.etc.

! Undefined control sequence.
l.38 \usepackage
                [margin=1in]{geometry}
? 
! Undefined control sequence.
l.44 \renewcommand
                  {\topfraction}{0.9}  % max fraction of floats at top
? 
! Undefined control sequence.
l.44 \renewcommand{\topfraction
                               }{0.9}  % max fraction of floats at top
? 
! Undefined control sequence.
l.45 \renewcommand
                  {\bottomfraction}{0.8} % max fraction of floats at bottom
? 
! Undefined control sequence.
l.45 \renewcommand{\bottomfraction
                                  }{0.8} % max fraction of floats at bottom
? 
! Undefined control sequence.
l.47 \setcounter
                {topnumber}{2}
? 
! Undefined control sequence.
l.48 \setcounter
                {bottomnumber}{2}
? 
! Undefined control sequence.
l.49 \setcounter
                {totalnumber}{4}     % 2 may work better
? 
! Interruption.
<to be read again> 
                   {
l.49 \setcounter{
                 totalnumber}{4}     % 2 may work better
? 
! Emergency stop.
<to be read again> 
                   {
l.49 \setcounter{
                 totalnumber}{4}     % 2 may work better
End of file on the terminal!

!  ==> Fatal error occurred, no output PDF file produced!
